[debug] [2022-12-01T07:07:46.771Z] ----------------------------------------------------------------------
[debug] [2022-12-01T07:07:46.772Z] Command:       C:\Program Files\nodejs\node.exe C:\Users\jaina\AppData\Roaming\npm\node_modules\firebase-tools\lib\bin\firebase.js init
[debug] [2022-12-01T07:07:46.773Z] CLI Version:   11.16.1
[debug] [2022-12-01T07:07:46.773Z] Platform:      win32
[debug] [2022-12-01T07:07:46.773Z] Node Version:  v18.10.0
[debug] [2022-12-01T07:07:46.774Z] Time:          Wed Nov 30 2022 23:07:46 GMT-0800 (Pacific Standard Time)
[debug] [2022-12-01T07:07:46.774Z] ----------------------------------------------------------------------
[debug] 
[debug] [2022-12-01T07:07:46.819Z] > command requires scopes: ["email","openid","https://www.googleapis.com/auth/cloudplatformprojects.readonly","https://www.googleapis.com/auth/firebase","https://www.googleapis.com/auth/cloud-platform"]
[debug] [2022-12-01T07:07:46.820Z] > authorizing via signed-in user (jainajose.0925@gmail.com)
[info] 
     ######## #### ########  ######## ########     ###     ######  ########
     ##        ##  ##     ## ##       ##     ##  ##   ##  ##       ##
     ######    ##  ########  ######   ########  #########  ######  ######
     ##        ##  ##    ##  ##       ##     ## ##     ##       ## ##
     ##       #### ##     ## ######## ########  ##     ##  ######  ########

You're about to initialize a Firebase project in this directory:

  C:\Users\jaina\OneDrive\Documents\COMP 1800\1800_202230_BBY30

Before we get started, keep in mind:

  * You are initializing within an existing Firebase project directory

